<?xml version="1.0" encoding="UTF-8"?>
<testsuite name="com.example.study.repository.UserRepositoryTest" tests="1" skipped="0" failures="0" errors="0" timestamp="2019-10-09T06:11:38" hostname="isanghyeob-ui-MacBook-Pro.local" time="0.422">
  <properties/>
  <testcase name="create" classname="com.example.study.repository.UserRepositoryTest" time="0.422"/>
  <system-out><![CDATA[15:11:31.531 [Test worker] DEBUG org.springframework.test.context.junit4.SpringJUnit4ClassRunner - SpringJUnit4ClassRunner constructor called with [class com.example.study.repository.UserRepositoryTest]
15:11:31.544 [Test worker] DEBUG org.springframework.test.context.BootstrapUtils - Instantiating CacheAwareContextLoaderDelegate from class [org.springframework.test.context.cache.DefaultCacheAwareContextLoaderDelegate]
15:11:31.552 [Test worker] DEBUG org.springframework.test.context.BootstrapUtils - Instantiating BootstrapContext using constructor [public org.springframework.test.context.support.DefaultBootstrapContext(java.lang.Class,org.springframework.test.context.CacheAwareContextLoaderDelegate)]
15:11:31.579 [Test worker] DEBUG org.springframework.test.context.BootstrapUtils - Instantiating TestContextBootstrapper for test class [com.example.study.repository.UserRepositoryTest] from class [org.springframework.boot.test.context.SpringBootTestContextBootstrapper]
15:11:31.594 [Test worker] INFO org.springframework.boot.test.context.SpringBootTestContextBootstrapper - Neither @ContextConfiguration nor @ContextHierarchy found for test class [com.example.study.repository.UserRepositoryTest], using SpringBootContextLoader
15:11:31.598 [Test worker] DEBUG org.springframework.test.context.support.AbstractContextLoader - Did not detect default resource location for test class [com.example.study.repository.UserRepositoryTest]: class path resource [com/example/study/repository/UserRepositoryTest-context.xml] does not exist
15:11:31.600 [Test worker] DEBUG org.springframework.test.context.support.AbstractContextLoader - Did not detect default resource location for test class [com.example.study.repository.UserRepositoryTest]: class path resource [com/example/study/repository/UserRepositoryTestContext.groovy] does not exist
15:11:31.601 [Test worker] INFO org.springframework.test.context.support.AbstractContextLoader - Could not detect default resource locations for test class [com.example.study.repository.UserRepositoryTest]: no resource found for suffixes {-context.xml, Context.groovy}.
15:11:31.602 [Test worker] INFO org.springframework.test.context.support.AnnotationConfigContextLoaderUtils - Could not detect default configuration classes for test class [com.example.study.repository.UserRepositoryTest]: UserRepositoryTest does not declare any static, non-private, non-final, nested classes annotated with @Configuration.
15:11:31.667 [Test worker] DEBUG org.springframework.test.context.support.ActiveProfilesUtils - Could not find an 'annotation declaring class' for annotation type [org.springframework.test.context.ActiveProfiles] and class [com.example.study.repository.UserRepositoryTest]
15:11:31.770 [Test worker] DEBUG org.springframework.context.annotation.ClassPathScanningCandidateComponentProvider - Identified candidate component class: file [/Users/leesanghyup/Desktop/dev/java/springProject1/build/classes/java/main/com/example/study/StudyApplication.class]
15:11:31.772 [Test worker] INFO org.springframework.boot.test.context.SpringBootTestContextBootstrapper - Found @SpringBootConfiguration com.example.study.StudyApplication for test class com.example.study.repository.UserRepositoryTest
15:11:31.883 [Test worker] DEBUG org.springframework.boot.test.context.SpringBootTestContextBootstrapper - @TestExecutionListeners is not present for class [com.example.study.repository.UserRepositoryTest]: using defaults.
15:11:31.885 [Test worker] INFO org.springframework.boot.test.context.SpringBootTestContextBootstrapper - Loaded default TestExecutionListener class names from location [META-INF/spring.factories]: [org.springframework.boot.test.autoconfigure.restdocs.RestDocsTestExecutionListener, org.springframework.boot.test.autoconfigure.web.client.MockRestServiceServerResetTestExecutionListener, org.springframework.boot.test.autoconfigure.web.servlet.MockMvcPrintOnlyOnFailureTestExecutionListener, org.springframework.boot.test.autoconfigure.web.servlet.WebDriverTestExecutionListener, org.springframework.boot.test.mock.mockito.MockitoTestExecutionListener, org.springframework.boot.test.mock.mockito.ResetMocksTestExecutionListener, org.springframework.test.context.web.ServletTestExecutionListener, org.springframework.test.context.support.DirtiesContextBeforeModesTestExecutionListener, org.springframework.test.context.support.DependencyInjectionTestExecutionListener, org.springframework.test.context.support.DirtiesContextTestExecutionListener, org.springframework.test.context.transaction.TransactionalTestExecutionListener, org.springframework.test.context.jdbc.SqlScriptsTestExecutionListener]
15:11:31.906 [Test worker] INFO org.springframework.boot.test.context.SpringBootTestContextBootstrapper - Using TestExecutionListeners: [org.springframework.test.context.web.ServletTestExecutionListener@75ab857e, org.springframework.test.context.support.DirtiesContextBeforeModesTestExecutionListener@305084c0, org.springframework.boot.test.mock.mockito.MockitoTestExecutionListener@33fac5a4, org.springframework.boot.test.autoconfigure.SpringBootDependencyInjectionTestExecutionListener@41c1fa7f, org.springframework.test.context.support.DirtiesContextTestExecutionListener@6868174c, org.springframework.test.context.transaction.TransactionalTestExecutionListener@5caaf805, org.springframework.test.context.jdbc.SqlScriptsTestExecutionListener@3918c1d1, org.springframework.boot.test.autoconfigure.restdocs.RestDocsTestExecutionListener@77c4d68f, org.springframework.boot.test.autoconfigure.web.client.MockRestServiceServerResetTestExecutionListener@5fbe6d4c, org.springframework.boot.test.autoconfigure.web.servlet.MockMvcPrintOnlyOnFailureTestExecutionListener@54dfdc6e, org.springframework.boot.test.autoconfigure.web.servlet.WebDriverTestExecutionListener@2b36896d, org.springframework.boot.test.mock.mockito.ResetMocksTestExecutionListener@7a97422a]
15:11:31.913 [Test worker] DEBUG org.springframework.test.annotation.ProfileValueUtils - Retrieved @ProfileValueSourceConfiguration [null] for test class [com.example.study.repository.UserRepositoryTest]
15:11:31.914 [Test worker] DEBUG org.springframework.test.annotation.ProfileValueUtils - Retrieved ProfileValueSource type [class org.springframework.test.annotation.SystemProfileValueSource] for class [com.example.study.repository.UserRepositoryTest]
15:11:31.921 [Test worker] DEBUG org.springframework.test.annotation.ProfileValueUtils - Retrieved @ProfileValueSourceConfiguration [null] for test class [com.example.study.repository.UserRepositoryTest]
15:11:31.921 [Test worker] DEBUG org.springframework.test.annotation.ProfileValueUtils - Retrieved ProfileValueSource type [class org.springframework.test.annotation.SystemProfileValueSource] for class [com.example.study.repository.UserRepositoryTest]
15:11:31.922 [Test worker] DEBUG org.springframework.test.annotation.ProfileValueUtils - Retrieved @ProfileValueSourceConfiguration [null] for test class [com.example.study.repository.UserRepositoryTest]
15:11:31.922 [Test worker] DEBUG org.springframework.test.annotation.ProfileValueUtils - Retrieved ProfileValueSource type [class org.springframework.test.annotation.SystemProfileValueSource] for class [com.example.study.repository.UserRepositoryTest]
15:11:31.930 [Test worker] DEBUG org.springframework.test.context.support.AbstractDirtiesContextTestExecutionListener - Before test class: context [DefaultTestContext@12425f39 testClass = UserRepositoryTest, testInstance = [null], testMethod = [null], testException = [null], mergedContextConfiguration = [WebMergedContextConfiguration@56eb19b0 testClass = UserRepositoryTest, locations = '{}', classes = '{class com.example.study.StudyApplication}', contextInitializerClasses = '[]', activeProfiles = '{}', propertySourceLocations = '{}', propertySourceProperties = '{org.springframework.boot.test.context.SpringBootTestContextBootstrapper=true}', contextCustomizers = set[org.springframework.boot.test.autoconfigure.properties.PropertyMappingContextCustomizer@0, org.springframework.boot.test.autoconfigure.web.servlet.WebDriverContextCustomizerFactory$Customizer@4f7e11b, org.springframework.boot.test.context.filter.ExcludeFilterContextCustomizer@4dd8b897, org.springframework.boot.test.json.DuplicateJsonObjectContextCustomizerFactory$DuplicateJsonObjectContextCustomizer@60410ef9, org.springframework.boot.test.mock.mockito.MockitoContextCustomizer@0, org.springframework.boot.test.web.client.TestRestTemplateContextCustomizer@6db52aea], resourceBasePath = 'src/main/webapp', contextLoader = 'org.springframework.boot.test.context.SpringBootContextLoader', parent = [null]], attributes = map['org.springframework.test.context.web.ServletTestExecutionListener.activateListener' -> true]], class annotated with @DirtiesContext [false] with mode [null].
15:11:31.931 [Test worker] DEBUG org.springframework.test.annotation.ProfileValueUtils - Retrieved @ProfileValueSourceConfiguration [null] for test class [com.example.study.repository.UserRepositoryTest]
15:11:31.931 [Test worker] DEBUG org.springframework.test.annotation.ProfileValueUtils - Retrieved ProfileValueSource type [class org.springframework.test.annotation.SystemProfileValueSource] for class [com.example.study.repository.UserRepositoryTest]
15:11:31.954 [Test worker] DEBUG org.springframework.test.context.support.TestPropertySourceUtils - Adding inlined properties to environment: {spring.jmx.enabled=false, org.springframework.boot.test.context.SpringBootTestContextBootstrapper=true, server.port=-1}

  .   ____          _            __ _ _
 /\\ / ___'_ __ _ _(_)_ __  __ _ \ \ \ \
( ( )\___ | '_ | '_| | '_ \/ _` | \ \ \ \
 \\/  ___)| |_)| | | | | || (_| |  ) ) ) )
  '  |____| .__|_| |_|_| |_\__, | / / / /
 =========|_|==============|___/=/_/_/_/
 :: Spring Boot ::        (v2.1.8.RELEASE)

2019-10-09 15:11:32.385  INFO 8695 --- [    Test worker] c.e.study.repository.UserRepositoryTest  : Starting UserRepositoryTest on isanghyeob-ui-MacBook-Pro.local with PID 8695 (started by leesanghyup in /Users/leesanghyup/Desktop/dev/java/springProject1)
2019-10-09 15:11:32.387  INFO 8695 --- [    Test worker] c.e.study.repository.UserRepositoryTest  : No active profile set, falling back to default profiles: default
2019-10-09 15:11:33.618  INFO 8695 --- [    Test worker] .s.d.r.c.RepositoryConfigurationDelegate : Bootstrapping Spring Data repositories in DEFAULT mode.
2019-10-09 15:11:33.721  INFO 8695 --- [    Test worker] .s.d.r.c.RepositoryConfigurationDelegate : Finished Spring Data repository scanning in 90ms. Found 7 repository interfaces.
2019-10-09 15:11:34.206  INFO 8695 --- [    Test worker] trationDelegate$BeanPostProcessorChecker : Bean 'org.springframework.transaction.annotation.ProxyTransactionManagementConfiguration' of type [org.springframework.transaction.annotation.ProxyTransactionManagementConfiguration$$EnhancerBySpringCGLIB$$c6bb9a11] is not eligible for getting processed by all BeanPostProcessors (for example: not eligible for auto-proxying)
2019-10-09 15:11:34.499  INFO 8695 --- [    Test worker] com.zaxxer.hikari.HikariDataSource       : HikariPool-1 - Starting...
2019-10-09 15:11:34.701  INFO 8695 --- [    Test worker] com.zaxxer.hikari.HikariDataSource       : HikariPool-1 - Start completed.
2019-10-09 15:11:34.797  INFO 8695 --- [    Test worker] o.hibernate.jpa.internal.util.LogHelper  : HHH000204: Processing PersistenceUnitInfo [
	name: default
	...]
2019-10-09 15:11:34.893  INFO 8695 --- [    Test worker] org.hibernate.Version                    : HHH000412: Hibernate Core {5.3.11.Final}
2019-10-09 15:11:34.895  INFO 8695 --- [    Test worker] org.hibernate.cfg.Environment            : HHH000206: hibernate.properties not found
2019-10-09 15:11:35.058  INFO 8695 --- [    Test worker] o.hibernate.annotations.common.Version   : HCANN000001: Hibernate Commons Annotations {5.0.4.Final}
2019-10-09 15:11:35.207  INFO 8695 --- [    Test worker] org.hibernate.dialect.Dialect            : HHH000400: Using dialect: org.hibernate.dialect.MySQL5Dialect
2019-10-09 15:11:36.335  INFO 8695 --- [    Test worker] j.LocalContainerEntityManagerFactoryBean : Initialized JPA EntityManagerFactory for persistence unit 'default'
2019-10-09 15:11:37.995  INFO 8695 --- [    Test worker] o.s.s.concurrent.ThreadPoolTaskExecutor  : Initializing ExecutorService 'applicationTaskExecutor'
2019-10-09 15:11:38.110  WARN 8695 --- [    Test worker] aWebConfiguration$JpaWebMvcConfiguration : spring.jpa.open-in-view is enabled by default. Therefore, database queries may be performed during view rendering. Explicitly configure spring.jpa.open-in-view to disable this warning
2019-10-09 15:11:38.582  INFO 8695 --- [    Test worker] c.e.study.repository.UserRepositoryTest  : Started UserRepositoryTest in 6.614 seconds (JVM running for 7.939)
Hibernate: insert into user (account, created_at, created_by, email, password, phone_number, registered_at, status, unregistered_at, updated_at, updated_by) values (?, ?, ?, ?, ?, ?, ?, ?, ?, ?, ?)
]]></system-out>
  <system-err><![CDATA[]]></system-err>
</testsuite>
